# JRE version: Java(TM) SE Runtime Environment (17.0.12+8) (build 17.0.12+8-LTS-286)
# Java VM: Java HotSpot(TM) 64-Bit Server VM (17.0.12+8-LTS-286, mixed mode, sharing, tiered, compressed oops, compressed class ptrs, g1 gc, windows-amd64)
GC Precious Log:
 CPUs: 4 total, 4 available
 Memory: 8038M
 Large Page Support: Disabled
 NUMA Support: Disabled
 Compressed Oops: Enabled (Zero based)
 Heap Region Size: 4M
 Heap Min Capacity: 8M
 Heap Initial Capacity: 128M
 Heap Max Capacity: 8G
 Pre-touch: Disabled
 Parallel Workers: 4
 Concurrent Workers: 1
 Concurrent Refinement Workers: 4
 Periodic GC: Disabled
Heap:
 garbage-first heap   total 2076672K, used 415057K [0x0000000600000000, 0x0000000800000000)
  region size 4096K, 4 young (16384K), 4 survivors (16384K)
 Metaspace       used 204473K, committed 206656K, reserved 1245184K
  class space    used 26423K, committed 27392K, reserved 1048576K
GC Heap History (20 events):
Event: 685.835 GC heap after
{Heap after GC invocations=95 (full 0):
 garbage-first heap   total 2076672K, used 341848K [0x0000000600000000, 0x0000000800000000)
  region size 4096K, 7 young (28672K), 7 survivors (28672K)
 Metaspace       used 195273K, committed 197312K, reserved 1245184K
  class space    used 25539K, committed 26496K, reserved 1048576K
}
Event: 695.872 GC heap before
{Heap before GC invocations=95 (full 0):
 garbage-first heap   total 2076672K, used 411480K [0x0000000600000000, 0x0000000800000000)
  region size 4096K, 25 young (102400K), 7 survivors (28672K)
 Metaspace       used 200222K, committed 202304K, reserved 1245184K
  class space    used 25981K, committed 26944K, reserved 1048576K
}
Event: 696.079 GC heap after
{Heap after GC invocations=96 (full 0):
 garbage-first heap   total 2076672K, used 330716K [0x0000000600000000, 0x0000000800000000)
  region size 4096K, 1 young (4096K), 1 survivors (4096K)
 Metaspace       used 200222K, committed 202304K, reserved 1245184K
  class space    used 25981K, committed 26944K, reserved 1048576K
}
Event: 1675.390 GC heap before
{Heap before GC invocations=96 (full 0):
 garbage-first heap   total 2076672K, used 424924K [0x0000000600000000, 0x0000000800000000)
  region size 4096K, 25 young (102400K), 1 survivors (4096K)
 Metaspace       used 200394K, committed 202496K, reserved 1245184K
  class space    used 25983K, committed 26944K, reserved 1048576K
}
Event: 1675.500 GC heap after
{Heap after GC invocations=97 (full 0):
 garbage-first heap   total 2076672K, used 336040K [0x0000000600000000, 0x0000000800000000)
  region size 4096K, 2 young (8192K), 2 survivors (8192K)
 Metaspace       used 200394K, committed 202496K, reserved 1245184K
  class space    used 25983K, committed 26944K, reserved 1048576K
}
Event: 1679.418 GC heap before
{Heap before GC invocations=97 (full 0):
 garbage-first heap   total 2076672K, used 430248K [0x0000000600000000, 0x0000000800000000)
  region size 4096K, 25 young (102400K), 2 survivors (8192K)
 Metaspace       used 200544K, committed 202624K, reserved 1245184K
  class space    used 25990K, committed 26944K, reserved 1048576K
}
Event: 1679.452 GC heap after
{Heap after GC invocations=98 (full 0):
 garbage-first heap   total 2076672K, used 346557K [0x0000000600000000, 0x0000000800000000)
  region size 4096K, 4 young (16384K), 4 survivors (16384K)
 Metaspace       used 200544K, committed 202624K, reserved 1245184K
  class space    used 25990K, committed 26944K, reserved 1048576K
}
Event: 1680.903 GC heap before
{Heap before GC invocations=98 (full 0):
 garbage-first heap   total 2076672K, used 432573K [0x0000000600000000, 0x0000000800000000)
  region size 4096K, 25 young (102400K), 4 survivors (16384K)
 Metaspace       used 200828K, committed 202944K, reserved 1245184K
  class space    used 26017K, committed 27008K, reserved 1048576K
}
Event: 1681.003 GC heap after
{Heap after GC invocations=99 (full 0):
 garbage-first heap   total 2076672K, used 360820K [0x0000000600000000, 0x0000000800000000)
  region size 4096K, 4 young (16384K), 4 survivors (16384K)
 Metaspace       used 200828K, committed 202944K, reserved 1245184K
  class space    used 26017K, committed 27008K, reserved 1048576K
}
Event: 1683.020 GC heap before
{Heap before GC invocations=99 (full 0):
 garbage-first heap   total 2076672K, used 446836K [0x0000000600000000, 0x0000000800000000)
  region size 4096K, 25 young (102400K), 4 survivors (16384K)
 Metaspace       used 201253K, committed 203392K, reserved 1245184K
  class space    used 26074K, committed 27072K, reserved 1048576K
}
Event: 1683.097 GC heap after
{Heap after GC invocations=100 (full 0):
 garbage-first heap   total 2076672K, used 376552K [0x0000000600000000, 0x0000000800000000)
  region size 4096K, 4 young (16384K), 4 survivors (16384K)
 Metaspace       used 201253K, committed 203392K, reserved 1245184K
  class space    used 26074K, committed 27072K, reserved 1048576K
}
Event: 1715.744 GC heap before
{Heap before GC invocations=100 (full 0):
 garbage-first heap   total 2076672K, used 458472K [0x0000000600000000, 0x0000000800000000)
  region size 4096K, 25 young (102400K), 4 survivors (16384K)
 Metaspace       used 201647K, committed 203840K, reserved 1245184K
  class space    used 26105K, committed 27136K, reserved 1048576K
}
Event: 1715.989 GC heap after
{Heap after GC invocations=101 (full 0):
 garbage-first heap   total 2076672K, used 394923K [0x0000000600000000, 0x0000000800000000)
  region size 4096K, 4 young (16384K), 4 survivors (16384K)
 Metaspace       used 201647K, committed 203840K, reserved 1245184K
  class space    used 26105K, committed 27136K, reserved 1048576K
}
Event: 1719.179 GC heap before
{Heap before GC invocations=101 (full 0):
 garbage-first heap   total 2076672K, used 476843K [0x0000000600000000, 0x0000000800000000)
  region size 4096K, 25 young (102400K), 4 survivors (16384K)
 Metaspace       used 201835K, committed 204032K, reserved 1245184K
  class space    used 26114K, committed 27136K, reserved 1048576K
}
Event: 1719.372 GC heap after
{Heap after GC invocations=102 (full 0):
 garbage-first heap   total 2076672K, used 398303K [0x0000000600000000, 0x0000000800000000)
  region size 4096K, 2 young (8192K), 2 survivors (8192K)
 Metaspace       used 201835K, committed 204032K, reserved 1245184K
  class space    used 26114K, committed 27136K, reserved 1048576K
}
Event: 1725.100 GC heap before
{Heap before GC invocations=102 (full 0):
 garbage-first heap   total 2076672K, used 488415K [0x0000000600000000, 0x0000000800000000)
  region size 4096K, 25 young (102400K), 2 survivors (8192K)
 Metaspace       used 203668K, committed 205888K, reserved 1245184K
  class space    used 26318K, committed 27328K, reserved 1048576K
}
Event: 1725.163 GC heap after
{Heap after GC invocations=103 (full 0):
 garbage-first heap   total 2076672K, used 405151K [0x0000000600000000, 0x0000000800000000)
  region size 4096K, 4 young (16384K), 4 survivors (16384K)
 Metaspace       used 203668K, committed 205888K, reserved 1245184K
  class space    used 26318K, committed 27328K, reserved 1048576K
}
Event: 1725.477 GC heap before
{Heap before GC invocations=103 (full 0):
 garbage-first heap   total 2076672K, used 495263K [0x0000000600000000, 0x0000000800000000)
  region size 4096K, 26 young (106496K), 4 survivors (16384K)
 Metaspace       used 203827K, committed 206016K, reserved 1245184K
  class space    used 26338K, committed 27328K, reserved 1048576K
}
Event: 1725.651 GC heap after
{Heap after GC invocations=104 (full 0):
 garbage-first heap   total 2076672K, used 405879K [0x0000000600000000, 0x0000000800000000)
  region size 4096K, 2 young (8192K), 2 survivors (8192K)
 Metaspace       used 203827K, committed 206016K, reserved 1245184K
  class space    used 26338K, committed 27328K, reserved 1048576K
}
Event: 1727.658 GC heap before
{Heap before GC invocations=104 (full 0):
 garbage-first heap   total 2076672K, used 500087K [0x0000000600000000, 0x0000000800000000)
  region size 4096K, 25 young (102400K), 2 survivors (8192K)
 Metaspace       used 204473K, committed 206656K, reserved 1245184K
  class space    used 26423K, committed 27392K, reserved 1048576K
}

