# JRE version: Java(TM) SE Runtime Environment (17.0.12+8) (build 17.0.12+8-LTS-286)
# Java VM: Java HotSpot(TM) 64-Bit Server VM (17.0.12+8-LTS-286, mixed mode, sharing, tiered, compressed oops, compressed class ptrs, g1 gc, windows-amd64)
GC Precious Log:
 CPUs: 4 total, 4 available
 Memory: 8038M
 Large Page Support: Disabled
 NUMA Support: Disabled
 Compressed Oops: Enabled (Zero based)
 Heap Region Size: 4M
 Heap Min Capacity: 8M
 Heap Initial Capacity: 128M
 Heap Max Capacity: 8G
 Pre-touch: Disabled
 Parallel Workers: 4
 Concurrent Workers: 1
 Concurrent Refinement Workers: 4
 Periodic GC: Disabled
Heap:
 garbage-first heap   total 389120K, used 184632K [0x0000000600000000, 0x0000000800000000)
  region size 4096K, 3 young (12288K), 3 survivors (12288K)
 Metaspace       used 114038K, committed 115136K, reserved 1179648K
  class space    used 15764K, committed 16256K, reserved 1048576K
GC Heap History (20 events):
Event: 50.046 GC heap after
{Heap after GC invocations=50 (full 0):
 garbage-first heap   total 278528K, used 123505K [0x0000000600000000, 0x0000000800000000)
  region size 4096K, 3 young (12288K), 3 survivors (12288K)
 Metaspace       used 103771K, committed 104576K, reserved 1179648K
  class space    used 14376K, committed 14784K, reserved 1048576K
}
Event: 51.857 GC heap before
{Heap before GC invocations=50 (full 0):
 garbage-first heap   total 278528K, used 217713K [0x0000000600000000, 0x0000000800000000)
  region size 4096K, 26 young (106496K), 3 survivors (12288K)
 Metaspace       used 109926K, committed 110784K, reserved 1179648K
  class space    used 15259K, committed 15680K, reserved 1048576K
}
Event: 51.873 GC heap after
{Heap after GC invocations=51 (full 0):
 garbage-first heap   total 278528K, used 127963K [0x0000000600000000, 0x0000000800000000)
  region size 4096K, 2 young (8192K), 2 survivors (8192K)
 Metaspace       used 109926K, committed 110784K, reserved 1179648K
  class space    used 15259K, committed 15680K, reserved 1048576K
}
Event: 53.031 GC heap before
{Heap before GC invocations=51 (full 0):
 garbage-first heap   total 278528K, used 222171K [0x0000000600000000, 0x0000000800000000)
  region size 4096K, 25 young (102400K), 2 survivors (8192K)
 Metaspace       used 110489K, committed 111424K, reserved 1179648K
  class space    used 15306K, committed 15744K, reserved 1048576K
}
Event: 53.053 GC heap after
{Heap after GC invocations=52 (full 0):
 garbage-first heap   total 278528K, used 134770K [0x0000000600000000, 0x0000000800000000)
  region size 4096K, 4 young (16384K), 4 survivors (16384K)
 Metaspace       used 110489K, committed 111424K, reserved 1179648K
  class space    used 15306K, committed 15744K, reserved 1048576K
}
Event: 55.408 GC heap before
{Heap before GC invocations=52 (full 0):
 garbage-first heap   total 278528K, used 216690K [0x0000000600000000, 0x0000000800000000)
  region size 4096K, 25 young (102400K), 4 survivors (16384K)
 Metaspace       used 112143K, committed 113024K, reserved 1179648K
  class space    used 15565K, committed 16000K, reserved 1048576K
}
Event: 55.439 GC heap after
{Heap after GC invocations=53 (full 0):
 garbage-first heap   total 278528K, used 146790K [0x0000000600000000, 0x0000000800000000)
  region size 4096K, 4 young (16384K), 4 survivors (16384K)
 Metaspace       used 112143K, committed 113024K, reserved 1179648K
  class space    used 15565K, committed 16000K, reserved 1048576K
}
Event: 56.451 GC heap before
{Heap before GC invocations=53 (full 0):
 garbage-first heap   total 278528K, used 216422K [0x0000000600000000, 0x0000000800000000)
  region size 4096K, 22 young (90112K), 4 survivors (16384K)
 Metaspace       used 112196K, committed 113152K, reserved 1179648K
  class space    used 15574K, committed 16000K, reserved 1048576K
}
Event: 56.470 GC heap after
{Heap after GC invocations=54 (full 0):
 garbage-first heap   total 364544K, used 156130K [0x0000000600000000, 0x0000000800000000)
  region size 4096K, 3 young (12288K), 3 survivors (12288K)
 Metaspace       used 112196K, committed 113152K, reserved 1179648K
  class space    used 15574K, committed 16000K, reserved 1048576K
}
Event: 59.484 GC heap before
{Heap before GC invocations=55 (full 0):
 garbage-first heap   total 364544K, used 287202K [0x0000000600000000, 0x0000000800000000)
  region size 4096K, 35 young (143360K), 3 survivors (12288K)
 Metaspace       used 112923K, committed 113984K, reserved 1179648K
  class space    used 15651K, committed 16128K, reserved 1048576K
}
Event: 59.511 GC heap after
{Heap after GC invocations=56 (full 0):
 garbage-first heap   total 364544K, used 165543K [0x0000000600000000, 0x0000000800000000)
  region size 4096K, 5 young (20480K), 5 survivors (20480K)
 Metaspace       used 112923K, committed 113984K, reserved 1179648K
  class space    used 15651K, committed 16128K, reserved 1048576K
}
Event: 59.671 GC heap before
{Heap before GC invocations=56 (full 0):
 garbage-first heap   total 364544K, used 169639K [0x0000000600000000, 0x0000000800000000)
  region size 4096K, 6 young (24576K), 5 survivors (20480K)
 Metaspace       used 112971K, committed 113984K, reserved 1179648K
  class space    used 15657K, committed 16128K, reserved 1048576K
}
Event: 59.714 GC heap after
{Heap after GC invocations=57 (full 0):
 garbage-first heap   total 364544K, used 167271K [0x0000000600000000, 0x0000000800000000)
  region size 4096K, 1 young (4096K), 1 survivors (4096K)
 Metaspace       used 112971K, committed 113984K, reserved 1179648K
  class space    used 15657K, committed 16128K, reserved 1048576K
}
Event: 62.673 GC heap before
{Heap before GC invocations=57 (full 0):
 garbage-first heap   total 364544K, used 286055K [0x0000000600000000, 0x0000000800000000)
  region size 4096K, 30 young (122880K), 1 survivors (4096K)
 Metaspace       used 113110K, committed 114176K, reserved 1179648K
  class space    used 15671K, committed 16128K, reserved 1048576K
}
Event: 62.692 GC heap after
{Heap after GC invocations=58 (full 0):
 garbage-first heap   total 364544K, used 173652K [0x0000000600000000, 0x0000000800000000)
  region size 4096K, 3 young (12288K), 3 survivors (12288K)
 Metaspace       used 113110K, committed 114176K, reserved 1179648K
  class space    used 15671K, committed 16128K, reserved 1048576K
}
Event: 64.110 GC heap before
{Heap before GC invocations=59 (full 0):
 garbage-first heap   total 389120K, used 280148K [0x0000000600000000, 0x0000000800000000)
  region size 4096K, 30 young (122880K), 3 survivors (12288K)
 Metaspace       used 113344K, committed 114432K, reserved 1179648K
  class space    used 15687K, committed 16192K, reserved 1048576K
}
Event: 64.125 GC heap after
{Heap after GC invocations=60 (full 0):
 garbage-first heap   total 389120K, used 177663K [0x0000000600000000, 0x0000000800000000)
  region size 4096K, 3 young (12288K), 3 survivors (12288K)
 Metaspace       used 113344K, committed 114432K, reserved 1179648K
  class space    used 15687K, committed 16192K, reserved 1048576K
}
Event: 64.162 GC heap before
{Heap before GC invocations=60 (full 0):
 garbage-first heap   total 389120K, used 181759K [0x0000000600000000, 0x0000000800000000)
  region size 4096K, 4 young (16384K), 3 survivors (12288K)
 Metaspace       used 113344K, committed 114432K, reserved 1179648K
  class space    used 15687K, committed 16192K, reserved 1048576K
}
Event: 64.192 GC heap after
{Heap after GC invocations=61 (full 0):
 garbage-first heap   total 389120K, used 175354K [0x0000000600000000, 0x0000000800000000)
  region size 4096K, 1 young (4096K), 1 survivors (4096K)
 Metaspace       used 113344K, committed 114432K, reserved 1179648K
  class space    used 15687K, committed 16192K, reserved 1048576K
}
Event: 65.445 GC heap before
{Heap before GC invocations=61 (full 0):
 garbage-first heap   total 389120K, used 306426K [0x0000000600000000, 0x0000000800000000)
  region size 4096K, 33 young (135168K), 1 survivors (4096K)
 Metaspace       used 114038K, committed 115136K, reserved 1179648K
  class space    used 15764K, committed 16256K, reserved 1048576K
}

