# JRE version: Java(TM) SE Runtime Environment (17.0.12+8) (build 17.0.12+8-LTS-286)
# Java VM: Java HotSpot(TM) 64-Bit Server VM (17.0.12+8-LTS-286, mixed mode, sharing, tiered, compressed oops, compressed class ptrs, g1 gc, windows-amd64)
GC Precious Log:
 CPUs: 4 total, 4 available
 Memory: 8038M
 Large Page Support: Disabled
 NUMA Support: Disabled
 Compressed Oops: Enabled (Zero based)
 Heap Region Size: 4M
 Heap Min Capacity: 8M
 Heap Initial Capacity: 128M
 Heap Max Capacity: 8G
 Pre-touch: Disabled
 Parallel Workers: 4
 Concurrent Workers: 1
 Concurrent Refinement Workers: 4
 Periodic GC: Disabled
Heap:
 garbage-first heap   total 1589248K, used 257335K [0x0000000600000000, 0x0000000800000000)
  region size 4096K, 1 young (4096K), 1 survivors (4096K)
 Metaspace       used 109370K, committed 110400K, reserved 1179648K
  class space    used 15102K, committed 15616K, reserved 1048576K
GC Heap History (20 events):
Event: 105.043 GC heap after
{Heap after GC invocations=84 (full 0):
 garbage-first heap   total 794624K, used 218031K [0x0000000600000000, 0x0000000800000000)
  region size 4096K, 2 young (8192K), 2 survivors (8192K)
 Metaspace       used 108934K, committed 110016K, reserved 1179648K
  class space    used 15070K, committed 15552K, reserved 1048576K
}
Event: 107.274 GC heap before
{Heap before GC invocations=84 (full 0):
 garbage-first heap   total 794624K, used 578479K [0x0000000600000000, 0x0000000800000000)
  region size 4096K, 90 young (368640K), 2 survivors (8192K)
 Metaspace       used 108955K, committed 110016K, reserved 1179648K
  class space    used 15070K, committed 15552K, reserved 1048576K
}
Event: 107.348 GC heap after
{Heap after GC invocations=85 (full 0):
 garbage-first heap   total 1589248K, used 219071K [0x0000000600000000, 0x0000000800000000)
  region size 4096K, 3 young (12288K), 3 survivors (12288K)
 Metaspace       used 108955K, committed 110016K, reserved 1179648K
  class space    used 15070K, committed 15552K, reserved 1048576K
}
Event: 109.474 GC heap before
{Heap before GC invocations=85 (full 0):
 garbage-first heap   total 1589248K, used 604095K [0x0000000600000000, 0x0000000800000000)
  region size 4096K, 98 young (401408K), 3 survivors (12288K)
 Metaspace       used 108977K, committed 110016K, reserved 1179648K
  class space    used 15070K, committed 15552K, reserved 1048576K
}
Event: 109.488 GC heap after
{Heap after GC invocations=86 (full 0):
 garbage-first heap   total 1589248K, used 217942K [0x0000000600000000, 0x0000000800000000)
  region size 4096K, 2 young (8192K), 2 survivors (8192K)
 Metaspace       used 108977K, committed 110016K, reserved 1179648K
  class space    used 15070K, committed 15552K, reserved 1048576K
}
Event: 112.307 GC heap before
{Heap before GC invocations=86 (full 0):
 garbage-first heap   total 1589248K, used 815958K [0x0000000600000000, 0x0000000800000000)
  region size 4096K, 148 young (606208K), 2 survivors (8192K)
 Metaspace       used 108984K, committed 110016K, reserved 1179648K
  class space    used 15070K, committed 15552K, reserved 1048576K
}
Event: 112.360 GC heap after
{Heap after GC invocations=87 (full 0):
 garbage-first heap   total 1589248K, used 217881K [0x0000000600000000, 0x0000000800000000)
  region size 4096K, 2 young (8192K), 2 survivors (8192K)
 Metaspace       used 108984K, committed 110016K, reserved 1179648K
  class space    used 15070K, committed 15552K, reserved 1048576K
}
Event: 120.600 GC heap before
{Heap before GC invocations=87 (full 0):
 garbage-first heap   total 1589248K, used 1155865K [0x0000000600000000, 0x0000000800000000)
  region size 4096K, 232 young (950272K), 2 survivors (8192K)
 Metaspace       used 109007K, committed 110080K, reserved 1179648K
  class space    used 15070K, committed 15552K, reserved 1048576K
}
Event: 120.954 GC heap after
{Heap after GC invocations=88 (full 0):
 garbage-first heap   total 1589248K, used 220772K [0x0000000600000000, 0x0000000800000000)
  region size 4096K, 3 young (12288K), 3 survivors (12288K)
 Metaspace       used 109007K, committed 110080K, reserved 1179648K
  class space    used 15070K, committed 15552K, reserved 1048576K
}
Event: 121.359 GC heap before
{Heap before GC invocations=88 (full 0):
 garbage-first heap   total 1589248K, used 282212K [0x0000000600000000, 0x0000000800000000)
  region size 4096K, 19 young (77824K), 3 survivors (12288K)
 Metaspace       used 109007K, committed 110080K, reserved 1179648K
  class space    used 15070K, committed 15552K, reserved 1048576K
}
Event: 121.610 GC heap after
{Heap after GC invocations=89 (full 0):
 garbage-first heap   total 1589248K, used 220663K [0x0000000600000000, 0x0000000800000000)
  region size 4096K, 2 young (8192K), 2 survivors (8192K)
 Metaspace       used 109007K, committed 110080K, reserved 1179648K
  class space    used 15070K, committed 15552K, reserved 1048576K
}
Event: 123.281 GC heap before
{Heap before GC invocations=89 (full 0):
 garbage-first heap   total 1589248K, used 437751K [0x0000000600000000, 0x0000000800000000)
  region size 4096K, 55 young (225280K), 2 survivors (8192K)
 Metaspace       used 109007K, committed 110080K, reserved 1179648K
  class space    used 15070K, committed 15552K, reserved 1048576K
}
Event: 123.298 GC heap after
{Heap after GC invocations=90 (full 0):
 garbage-first heap   total 1589248K, used 220584K [0x0000000600000000, 0x0000000800000000)
  region size 4096K, 2 young (8192K), 2 survivors (8192K)
 Metaspace       used 109007K, committed 110080K, reserved 1179648K
  class space    used 15070K, committed 15552K, reserved 1048576K
}
Event: 127.189 GC heap before
{Heap before GC invocations=90 (full 0):
 garbage-first heap   total 1589248K, used 589224K [0x0000000600000000, 0x0000000800000000)
  region size 4096K, 92 young (376832K), 2 survivors (8192K)
 Metaspace       used 109026K, committed 110080K, reserved 1179648K
  class space    used 15070K, committed 15552K, reserved 1048576K
}
Event: 127.200 GC heap after
{Heap after GC invocations=91 (full 0):
 garbage-first heap   total 1589248K, used 220693K [0x0000000600000000, 0x0000000800000000)
  region size 4096K, 2 young (8192K), 2 survivors (8192K)
 Metaspace       used 109026K, committed 110080K, reserved 1179648K
  class space    used 15070K, committed 15552K, reserved 1048576K
}
Event: 136.225 GC heap before
{Heap before GC invocations=91 (full 0):
 garbage-first heap   total 1589248K, used 978453K [0x0000000600000000, 0x0000000800000000)
  region size 4096K, 187 young (765952K), 2 survivors (8192K)
 Metaspace       used 109367K, committed 110400K, reserved 1179648K
  class space    used 15102K, committed 15616K, reserved 1048576K
}
Event: 136.309 GC heap after
{Heap after GC invocations=92 (full 0):
 garbage-first heap   total 1589248K, used 254377K [0x0000000600000000, 0x0000000800000000)
  region size 4096K, 10 young (40960K), 10 survivors (40960K)
 Metaspace       used 109367K, committed 110400K, reserved 1179648K
  class space    used 15102K, committed 15616K, reserved 1048576K
}
Event: 136.354 GC heap before
{Heap before GC invocations=92 (full 0):
 garbage-first heap   total 1589248K, used 287145K [0x0000000600000000, 0x0000000800000000)
  region size 4096K, 19 young (77824K), 10 survivors (40960K)
 Metaspace       used 109367K, committed 110400K, reserved 1179648K
  class space    used 15102K, committed 15616K, reserved 1048576K
}
Event: 137.356 GC heap after
{Heap after GC invocations=93 (full 0):
 garbage-first heap   total 1589248K, used 258500K [0x0000000600000000, 0x0000000800000000)
  region size 4096K, 1 young (4096K), 1 survivors (4096K)
 Metaspace       used 109367K, committed 110400K, reserved 1179648K
  class space    used 15102K, committed 15616K, reserved 1048576K
}
Event: 137.848 GC heap before
{Heap before GC invocations=93 (full 0):
 garbage-first heap   total 1589248K, used 512452K [0x0000000600000000, 0x0000000800000000)
  region size 4096K, 63 young (258048K), 1 survivors (4096K)
 Metaspace       used 109370K, committed 110400K, reserved 1179648K
  class space    used 15102K, committed 15616K, reserved 1048576K
}

