# JRE version: Java(TM) SE Runtime Environment (17.0.12+8) (build 17.0.12+8-LTS-286)
# Java VM: Java HotSpot(TM) 64-Bit Server VM (17.0.12+8-LTS-286, mixed mode, sharing, tiered, compressed oops, compressed class ptrs, g1 gc, windows-amd64)
GC Precious Log:
 CPUs: 4 total, 4 available
 Memory: 8038M
 Large Page Support: Disabled
 NUMA Support: Disabled
 Compressed Oops: Enabled (32-bit)
 Heap Region Size: 1M
 Heap Min Capacity: 8M
 Heap Initial Capacity: 126M
 Heap Max Capacity: 2G
 Pre-touch: Disabled
 Parallel Workers: 4
 Concurrent Workers: 1
 Concurrent Refinement Workers: 4
 Periodic GC: Disabled
Heap:
 garbage-first heap   total 363520K, used 202769K [0x0000000080000000, 0x0000000100000000)
  region size 1024K, 3 young (3072K), 3 survivors (3072K)
 Metaspace       used 135218K, committed 136832K, reserved 557056K
  class space    used 18032K, committed 18816K, reserved 425984K
GC Heap History (20 events):
Event: 1916.758 GC heap after
{Heap after GC invocations=87 (full 0):
 garbage-first heap   total 363520K, used 230152K [0x0000000080000000, 0x0000000100000000)
  region size 1024K, 2 young (2048K), 2 survivors (2048K)
 Metaspace       used 133835K, committed 135296K, reserved 557056K
  class space    used 17939K, committed 18624K, reserved 425984K
}
Event: 3718.427 GC heap before
{Heap before GC invocations=87 (full 0):
 garbage-first heap   total 363520K, used 264968K [0x0000000080000000, 0x0000000100000000)
  region size 1024K, 37 young (37888K), 2 survivors (2048K)
 Metaspace       used 133895K, committed 135296K, reserved 557056K
  class space    used 17940K, committed 18624K, reserved 425984K
}
Event: 3723.968 GC heap after
{Heap after GC invocations=88 (full 1):
 garbage-first heap   total 363520K, used 144991K [0x0000000080000000, 0x0000000100000000)
  region size 1024K, 0 young (0K), 0 survivors (0K)
 Metaspace       used 133254K, committed 135296K, reserved 557056K
  class space    used 17812K, committed 18624K, reserved 425984K
}
Event: 4808.755 GC heap before
{Heap before GC invocations=88 (full 1):
 garbage-first heap   total 363520K, used 211551K [0x0000000080000000, 0x0000000100000000)
  region size 1024K, 65 young (66560K), 0 survivors (0K)
 Metaspace       used 133704K, committed 135360K, reserved 557056K
  class space    used 17878K, committed 18624K, reserved 425984K
}
Event: 4808.888 GC heap after
{Heap after GC invocations=89 (full 1):
 garbage-first heap   total 363520K, used 150069K [0x0000000080000000, 0x0000000100000000)
  region size 1024K, 5 young (5120K), 5 survivors (5120K)
 Metaspace       used 133704K, committed 135360K, reserved 557056K
  class space    used 17878K, committed 18624K, reserved 425984K
}
Event: 4819.875 GC heap before
{Heap before GC invocations=89 (full 1):
 garbage-first heap   total 363520K, used 217653K [0x0000000080000000, 0x0000000100000000)
  region size 1024K, 72 young (73728K), 5 survivors (5120K)
 Metaspace       used 134031K, committed 135488K, reserved 557056K
  class space    used 17900K, committed 18624K, reserved 425984K
}
Event: 4819.959 GC heap after
{Heap after GC invocations=90 (full 1):
 garbage-first heap   total 363520K, used 157582K [0x0000000080000000, 0x0000000100000000)
  region size 1024K, 8 young (8192K), 8 survivors (8192K)
 Metaspace       used 134031K, committed 135488K, reserved 557056K
  class space    used 17900K, committed 18624K, reserved 425984K
}
Event: 4822.062 GC heap before
{Heap before GC invocations=90 (full 1):
 garbage-first heap   total 363520K, used 195470K [0x0000000080000000, 0x0000000100000000)
  region size 1024K, 45 young (46080K), 8 survivors (8192K)
 Metaspace       used 134112K, committed 135552K, reserved 557056K
  class space    used 17905K, committed 18624K, reserved 425984K
}
Event: 4822.161 GC heap after
{Heap after GC invocations=91 (full 1):
 garbage-first heap   total 363520K, used 161539K [0x0000000080000000, 0x0000000100000000)
  region size 1024K, 4 young (4096K), 4 survivors (4096K)
 Metaspace       used 134112K, committed 135552K, reserved 557056K
  class space    used 17905K, committed 18624K, reserved 425984K
}
Event: 4826.378 GC heap before
{Heap before GC invocations=91 (full 1):
 garbage-first heap   total 363520K, used 218883K [0x0000000080000000, 0x0000000100000000)
  region size 1024K, 60 young (61440K), 4 survivors (4096K)
 Metaspace       used 134238K, committed 135680K, reserved 557056K
  class space    used 17920K, committed 18624K, reserved 425984K
}
Event: 4826.445 GC heap after
{Heap after GC invocations=92 (full 1):
 garbage-first heap   total 363520K, used 168543K [0x0000000080000000, 0x0000000100000000)
  region size 1024K, 8 young (8192K), 8 survivors (8192K)
 Metaspace       used 134238K, committed 135680K, reserved 557056K
  class space    used 17920K, committed 18624K, reserved 425984K
}
Event: 4828.658 GC heap before
{Heap before GC invocations=92 (full 1):
 garbage-first heap   total 363520K, used 210527K [0x0000000080000000, 0x0000000100000000)
  region size 1024K, 49 young (50176K), 8 survivors (8192K)
 Metaspace       used 134409K, committed 135808K, reserved 557056K
  class space    used 17941K, committed 18624K, reserved 425984K
}
Event: 4828.776 GC heap after
{Heap after GC invocations=93 (full 1):
 garbage-first heap   total 363520K, used 175581K [0x0000000080000000, 0x0000000100000000)
  region size 1024K, 7 young (7168K), 7 survivors (7168K)
 Metaspace       used 134409K, committed 135808K, reserved 557056K
  class space    used 17941K, committed 18624K, reserved 425984K
}
Event: 4831.887 GC heap before
{Heap before GC invocations=93 (full 1):
 garbage-first heap   total 363520K, used 228829K [0x0000000080000000, 0x0000000100000000)
  region size 1024K, 60 young (61440K), 7 survivors (7168K)
 Metaspace       used 134681K, committed 136128K, reserved 557056K
  class space    used 17966K, committed 18688K, reserved 425984K
}
Event: 4832.009 GC heap after
{Heap after GC invocations=94 (full 1):
 garbage-first heap   total 363520K, used 186975K [0x0000000080000000, 0x0000000100000000)
  region size 1024K, 8 young (8192K), 8 survivors (8192K)
 Metaspace       used 134681K, committed 136128K, reserved 557056K
  class space    used 17966K, committed 18688K, reserved 425984K
}
Event: 4834.489 GC heap before
{Heap before GC invocations=94 (full 1):
 garbage-first heap   total 363520K, used 234079K [0x0000000080000000, 0x0000000100000000)
  region size 1024K, 55 young (56320K), 8 survivors (8192K)
 Metaspace       used 134972K, committed 136512K, reserved 557056K
  class space    used 18012K, committed 18752K, reserved 425984K
}
Event: 4834.536 GC heap after
{Heap after GC invocations=95 (full 1):
 garbage-first heap   total 363520K, used 194553K [0x0000000080000000, 0x0000000100000000)
  region size 1024K, 7 young (7168K), 7 survivors (7168K)
 Metaspace       used 134972K, committed 136512K, reserved 557056K
  class space    used 18012K, committed 18752K, reserved 425984K
}
Event: 4841.221 GC heap before
{Heap before GC invocations=95 (full 1):
 garbage-first heap   total 363520K, used 255993K [0x0000000080000000, 0x0000000100000000)
  region size 1024K, 68 young (69632K), 7 survivors (7168K)
 Metaspace       used 135182K, committed 136768K, reserved 557056K
  class space    used 18032K, committed 18816K, reserved 425984K
}
Event: 4841.547 GC heap after
{Heap after GC invocations=96 (full 1):
 garbage-first heap   total 363520K, used 200052K [0x0000000080000000, 0x0000000100000000)
  region size 1024K, 5 young (5120K), 5 survivors (5120K)
 Metaspace       used 135182K, committed 136768K, reserved 557056K
  class space    used 18032K, committed 18816K, reserved 425984K
}
Event: 4842.123 GC heap before
{Heap before GC invocations=96 (full 1):
 garbage-first heap   total 363520K, used 228724K [0x0000000080000000, 0x0000000100000000)
  region size 1024K, 33 young (33792K), 5 survivors (5120K)
 Metaspace       used 135218K, committed 136832K, reserved 557056K
  class space    used 18032K, committed 18816K, reserved 425984K
}

