# JRE version: Java(TM) SE Runtime Environment (17.0.12+8) (build 17.0.12+8-LTS-286)
# Java VM: Java HotSpot(TM) 64-Bit Server VM (17.0.12+8-LTS-286, mixed mode, sharing, tiered, compressed oops, compressed class ptrs, g1 gc, windows-amd64)
GC Precious Log:
 CPUs: 4 total, 4 available
 Memory: 8038M
 Large Page Support: Disabled
 NUMA Support: Disabled
 Compressed Oops: Enabled (Zero based)
 Heap Region Size: 4M
 Heap Min Capacity: 8M
 Heap Initial Capacity: 128M
 Heap Max Capacity: 8G
 Pre-touch: Disabled
 Parallel Workers: 4
 Concurrent Workers: 1
 Concurrent Refinement Workers: 4
 Periodic GC: Disabled
Heap:
 garbage-first heap   total 131072K, used 74423K [0x0000000600000000, 0x0000000800000000)
  region size 4096K, 4 young (16384K), 1 survivors (4096K)
 Metaspace       used 70710K, committed 71424K, reserved 1114112K
  class space    used 9973K, committed 10304K, reserved 1048576K
GC Heap History (20 events):
Event: 133.202 GC heap before
{Heap before GC invocations=26 (full 0):
 garbage-first heap   total 102400K, used 80280K [0x0000000600000000, 0x0000000800000000)
  region size 4096K, 7 young (28672K), 1 survivors (4096K)
 Metaspace       used 60943K, committed 61504K, reserved 1114112K
  class space    used 8617K, committed 8896K, reserved 1048576K
}
Event: 133.217 GC heap after
{Heap after GC invocations=27 (full 0):
 garbage-first heap   total 102400K, used 56919K [0x0000000600000000, 0x0000000800000000)
  region size 4096K, 1 young (4096K), 1 survivors (4096K)
 Metaspace       used 60943K, committed 61504K, reserved 1114112K
  class space    used 8617K, committed 8896K, reserved 1048576K
}
Event: 135.569 GC heap before
{Heap before GC invocations=27 (full 0):
 garbage-first heap   total 102400K, used 77399K [0x0000000600000000, 0x0000000800000000)
  region size 4096K, 6 young (24576K), 1 survivors (4096K)
 Metaspace       used 62325K, committed 62912K, reserved 1114112K
  class space    used 8847K, committed 9152K, reserved 1048576K
}
Event: 135.584 GC heap after
{Heap after GC invocations=28 (full 0):
 garbage-first heap   total 102400K, used 58476K [0x0000000600000000, 0x0000000800000000)
  region size 4096K, 1 young (4096K), 1 survivors (4096K)
 Metaspace       used 62325K, committed 62912K, reserved 1114112K
  class space    used 8847K, committed 9152K, reserved 1048576K
}
Event: 138.564 GC heap before
{Heap before GC invocations=29 (full 0):
 garbage-first heap   total 110592K, used 78956K [0x0000000600000000, 0x0000000800000000)
  region size 4096K, 6 young (24576K), 1 survivors (4096K)
 Metaspace       used 64045K, committed 64704K, reserved 1114112K
  class space    used 9167K, committed 9472K, reserved 1048576K
}
Event: 138.591 GC heap after
{Heap after GC invocations=30 (full 0):
 garbage-first heap   total 110592K, used 60818K [0x0000000600000000, 0x0000000800000000)
  region size 4096K, 1 young (4096K), 1 survivors (4096K)
 Metaspace       used 64045K, committed 64704K, reserved 1114112K
  class space    used 9167K, committed 9472K, reserved 1048576K
}
Event: 143.295 GC heap before
{Heap before GC invocations=30 (full 0):
 garbage-first heap   total 110592K, used 89490K [0x0000000600000000, 0x0000000800000000)
  region size 4096K, 8 young (32768K), 1 survivors (4096K)
 Metaspace       used 69373K, committed 70016K, reserved 1114112K
  class space    used 9817K, committed 10112K, reserved 1048576K
}
Event: 143.317 GC heap after
{Heap after GC invocations=31 (full 0):
 garbage-first heap   total 110592K, used 63534K [0x0000000600000000, 0x0000000800000000)
  region size 4096K, 1 young (4096K), 1 survivors (4096K)
 Metaspace       used 69373K, committed 70016K, reserved 1114112K
  class space    used 9817K, committed 10112K, reserved 1048576K
}
Event: 151.537 GC heap before
{Heap before GC invocations=32 (full 0):
 garbage-first heap   total 118784K, used 88110K [0x0000000600000000, 0x0000000800000000)
  region size 4096K, 7 young (28672K), 1 survivors (4096K)
 Metaspace       used 70683K, committed 71360K, reserved 1114112K
  class space    used 9968K, committed 10304K, reserved 1048576K
}
Event: 151.549 GC heap after
{Heap after GC invocations=33 (full 0):
 garbage-first heap   total 118784K, used 64400K [0x0000000600000000, 0x0000000800000000)
  region size 4096K, 1 young (4096K), 1 survivors (4096K)
 Metaspace       used 70683K, committed 71360K, reserved 1114112K
  class space    used 9968K, committed 10304K, reserved 1048576K
}
Event: 152.164 GC heap before
{Heap before GC invocations=33 (full 0):
 garbage-first heap   total 118784K, used 93072K [0x0000000600000000, 0x0000000800000000)
  region size 4096K, 8 young (32768K), 1 survivors (4096K)
 Metaspace       used 70683K, committed 71360K, reserved 1114112K
  class space    used 9968K, committed 10304K, reserved 1048576K
}
Event: 152.169 GC heap after
{Heap after GC invocations=34 (full 0):
 garbage-first heap   total 118784K, used 64575K [0x0000000600000000, 0x0000000800000000)
  region size 4096K, 1 young (4096K), 1 survivors (4096K)
 Metaspace       used 70683K, committed 71360K, reserved 1114112K
  class space    used 9968K, committed 10304K, reserved 1048576K
}
Event: 153.096 GC heap before
{Heap before GC invocations=35 (full 0):
 garbage-first heap   total 131072K, used 93247K [0x0000000600000000, 0x0000000800000000)
  region size 4096K, 8 young (32768K), 1 survivors (4096K)
 Metaspace       used 70684K, committed 71360K, reserved 1114112K
  class space    used 9969K, committed 10304K, reserved 1048576K
}
Event: 153.101 GC heap after
{Heap after GC invocations=36 (full 0):
 garbage-first heap   total 131072K, used 64931K [0x0000000600000000, 0x0000000800000000)
  region size 4096K, 1 young (4096K), 1 survivors (4096K)
 Metaspace       used 70684K, committed 71360K, reserved 1114112K
  class space    used 9969K, committed 10304K, reserved 1048576K
}
Event: 154.586 GC heap before
{Heap before GC invocations=36 (full 0):
 garbage-first heap   total 131072K, used 101795K [0x0000000600000000, 0x0000000800000000)
  region size 4096K, 10 young (40960K), 1 survivors (4096K)
 Metaspace       used 70710K, committed 71424K, reserved 1114112K
  class space    used 9973K, committed 10304K, reserved 1048576K
}
Event: 154.591 GC heap after
{Heap after GC invocations=37 (full 0):
 garbage-first heap   total 131072K, used 65273K [0x0000000600000000, 0x0000000800000000)
  region size 4096K, 1 young (4096K), 1 survivors (4096K)
 Metaspace       used 70710K, committed 71424K, reserved 1114112K
  class space    used 9973K, committed 10304K, reserved 1048576K
}
Event: 155.869 GC heap before
{Heap before GC invocations=38 (full 0):
 garbage-first heap   total 131072K, used 102137K [0x0000000600000000, 0x0000000800000000)
  region size 4096K, 10 young (40960K), 1 survivors (4096K)
 Metaspace       used 70710K, committed 71424K, reserved 1114112K
  class space    used 9973K, committed 10304K, reserved 1048576K
}
Event: 155.877 GC heap after
{Heap after GC invocations=39 (full 0):
 garbage-first heap   total 131072K, used 65791K [0x0000000600000000, 0x0000000800000000)
  region size 4096K, 1 young (4096K), 1 survivors (4096K)
 Metaspace       used 70710K, committed 71424K, reserved 1114112K
  class space    used 9973K, committed 10304K, reserved 1048576K
}
Event: 156.677 GC heap before
{Heap before GC invocations=39 (full 0):
 garbage-first heap   total 131072K, used 102655K [0x0000000600000000, 0x0000000800000000)
  region size 4096K, 10 young (40960K), 1 survivors (4096K)
 Metaspace       used 70710K, committed 71424K, reserved 1114112K
  class space    used 9973K, committed 10304K, reserved 1048576K
}
Event: 156.685 GC heap after
{Heap after GC invocations=40 (full 0):
 garbage-first heap   total 131072K, used 66231K [0x0000000600000000, 0x0000000800000000)
  region size 4096K, 1 young (4096K), 1 survivors (4096K)
 Metaspace       used 70710K, committed 71424K, reserved 1114112K
  class space    used 9973K, committed 10304K, reserved 1048576K
}

