# JRE version: Java(TM) SE Runtime Environment (17.0.12+8) (build 17.0.12+8-LTS-286)
# Java VM: Java HotSpot(TM) 64-Bit Server VM (17.0.12+8-LTS-286, mixed mode, sharing, tiered, compressed oops, compressed class ptrs, g1 gc, windows-amd64)
GC Precious Log:
 CPUs: 4 total, 4 available
 Memory: 8038M
 Large Page Support: Disabled
 NUMA Support: Disabled
 Compressed Oops: Enabled (Zero based)
 Heap Region Size: 4M
 Heap Min Capacity: 8M
 Heap Initial Capacity: 128M
 Heap Max Capacity: 8G
 Pre-touch: Disabled
 Parallel Workers: 4
 Concurrent Workers: 1
 Concurrent Refinement Workers: 4
 Periodic GC: Disabled
Heap:
 garbage-first heap   total 827392K, used 214570K [0x0000000600000000, 0x0000000800000000)
  region size 4096K, 5 young (20480K), 5 survivors (20480K)
 Metaspace       used 147598K, committed 148352K, reserved 1179648K
  class space    used 18695K, committed 19008K, reserved 1048576K
GC Heap History (20 events):
Event: 330.464 GC heap after
{Heap after GC invocations=94 (full 0):
 garbage-first heap   total 688128K, used 160224K [0x0000000600000000, 0x0000000800000000)
  region size 4096K, 5 young (20480K), 5 survivors (20480K)
 Metaspace       used 137142K, committed 137856K, reserved 1179648K
  class space    used 17506K, committed 17856K, reserved 1048576K
}
Event: 332.976 GC heap before
{Heap before GC invocations=94 (full 0):
 garbage-first heap   total 688128K, used 549344K [0x0000000600000000, 0x0000000800000000)
  region size 4096K, 100 young (409600K), 5 survivors (20480K)
 Metaspace       used 137142K, committed 137856K, reserved 1179648K
  class space    used 17506K, committed 17856K, reserved 1048576K
}
Event: 333.019 GC heap after
{Heap after GC invocations=95 (full 0):
 garbage-first heap   total 827392K, used 163142K [0x0000000600000000, 0x0000000800000000)
  region size 4096K, 6 young (24576K), 6 survivors (24576K)
 Metaspace       used 137142K, committed 137856K, reserved 1179648K
  class space    used 17506K, committed 17856K, reserved 1048576K
}
Event: 338.345 GC heap before
{Heap before GC invocations=95 (full 0):
 garbage-first heap   total 827392K, used 634182K [0x0000000600000000, 0x0000000800000000)
  region size 4096K, 121 young (495616K), 6 survivors (24576K)
 Metaspace       used 137142K, committed 137856K, reserved 1179648K
  class space    used 17506K, committed 17856K, reserved 1048576K
}
Event: 338.391 GC heap after
{Heap after GC invocations=96 (full 0):
 garbage-first heap   total 827392K, used 163454K [0x0000000600000000, 0x0000000800000000)
  region size 4096K, 4 young (16384K), 4 survivors (16384K)
 Metaspace       used 137142K, committed 137856K, reserved 1179648K
  class space    used 17506K, committed 17856K, reserved 1048576K
}
Event: 344.376 GC heap before
{Heap before GC invocations=96 (full 0):
 garbage-first heap   total 827392K, used 470654K [0x0000000600000000, 0x0000000800000000)
  region size 4096K, 80 young (327680K), 4 survivors (16384K)
 Metaspace       used 138197K, committed 138880K, reserved 1179648K
  class space    used 17566K, committed 17920K, reserved 1048576K
}
Event: 344.456 GC heap after
{Heap after GC invocations=97 (full 0):
 garbage-first heap   total 827392K, used 179657K [0x0000000600000000, 0x0000000800000000)
  region size 4096K, 8 young (32768K), 8 survivors (32768K)
 Metaspace       used 138197K, committed 138880K, reserved 1179648K
  class space    used 17566K, committed 17920K, reserved 1048576K
}
Event: 360.102 GC heap before
{Heap before GC invocations=98 (full 0):
 garbage-first heap   total 630784K, used 527817K [0x0000000600000000, 0x0000000800000000)
  region size 4096K, 92 young (376832K), 8 survivors (32768K)
 Metaspace       used 145472K, committed 146176K, reserved 1179648K
  class space    used 18507K, committed 18816K, reserved 1048576K
}
Event: 360.207 GC heap after
{Heap after GC invocations=99 (full 0):
 garbage-first heap   total 630784K, used 200849K [0x0000000600000000, 0x0000000800000000)
  region size 4096K, 12 young (49152K), 12 survivors (49152K)
 Metaspace       used 145472K, committed 146176K, reserved 1179648K
  class space    used 18507K, committed 18816K, reserved 1048576K
}
Event: 360.232 GC heap before
{Heap before GC invocations=99 (full 0):
 garbage-first heap   total 630784K, used 204945K [0x0000000600000000, 0x0000000800000000)
  region size 4096K, 13 young (53248K), 12 survivors (49152K)
 Metaspace       used 145472K, committed 146176K, reserved 1179648K
  class space    used 18507K, committed 18816K, reserved 1048576K
}
Event: 360.336 GC heap after
{Heap after GC invocations=100 (full 0):
 garbage-first heap   total 630784K, used 201132K [0x0000000600000000, 0x0000000800000000)
  region size 4096K, 2 young (8192K), 2 survivors (8192K)
 Metaspace       used 145472K, committed 146176K, reserved 1179648K
  class space    used 18507K, committed 18816K, reserved 1048576K
}
Event: 361.718 GC heap before
{Heap before GC invocations=100 (full 0):
 garbage-first heap   total 630784K, used 496044K [0x0000000600000000, 0x0000000800000000)
  region size 4096K, 75 young (307200K), 2 survivors (8192K)
 Metaspace       used 145503K, committed 146304K, reserved 1179648K
  class space    used 18510K, committed 18880K, reserved 1048576K
}
Event: 361.730 GC heap after
{Heap after GC invocations=101 (full 0):
 garbage-first heap   total 630784K, used 200170K [0x0000000600000000, 0x0000000800000000)
  region size 4096K, 2 young (8192K), 2 survivors (8192K)
 Metaspace       used 145503K, committed 146304K, reserved 1179648K
  class space    used 18510K, committed 18880K, reserved 1048576K
}
Event: 364.551 GC heap before
{Heap before GC invocations=101 (full 0):
 garbage-first heap   total 630784K, used 507370K [0x0000000600000000, 0x0000000800000000)
  region size 4096K, 77 young (315392K), 2 survivors (8192K)
 Metaspace       used 147455K, committed 148160K, reserved 1179648K
  class space    used 18692K, committed 19008K, reserved 1048576K
}
Event: 364.572 GC heap after
{Heap after GC invocations=102 (full 0):
 garbage-first heap   total 630784K, used 204737K [0x0000000600000000, 0x0000000800000000)
  region size 4096K, 3 young (12288K), 3 survivors (12288K)
 Metaspace       used 147455K, committed 148160K, reserved 1179648K
  class space    used 18692K, committed 19008K, reserved 1048576K
}
Event: 365.983 GC heap before
{Heap before GC invocations=102 (full 0):
 garbage-first heap   total 630784K, used 516033K [0x0000000600000000, 0x0000000800000000)
  region size 4096K, 79 young (323584K), 3 survivors (12288K)
 Metaspace       used 147565K, committed 148288K, reserved 1179648K
  class space    used 18693K, committed 19008K, reserved 1048576K
}
Event: 366.000 GC heap after
{Heap after GC invocations=103 (full 0):
 garbage-first heap   total 630784K, used 204332K [0x0000000600000000, 0x0000000800000000)
  region size 4096K, 3 young (12288K), 3 survivors (12288K)
 Metaspace       used 147565K, committed 148288K, reserved 1179648K
  class space    used 18693K, committed 19008K, reserved 1048576K
}
Event: 367.700 GC heap before
{Heap before GC invocations=103 (full 0):
 garbage-first heap   total 630784K, used 519724K [0x0000000600000000, 0x0000000800000000)
  region size 4096K, 81 young (331776K), 3 survivors (12288K)
 Metaspace       used 147593K, committed 148288K, reserved 1179648K
  class space    used 18695K, committed 19008K, reserved 1048576K
}
Event: 367.722 GC heap after
{Heap after GC invocations=104 (full 0):
 garbage-first heap   total 630784K, used 206083K [0x0000000600000000, 0x0000000800000000)
  region size 4096K, 3 young (12288K), 3 survivors (12288K)
 Metaspace       used 147593K, committed 148288K, reserved 1179648K
  class space    used 18695K, committed 19008K, reserved 1048576K
}
Event: 369.465 GC heap before
{Heap before GC invocations=104 (full 0):
 garbage-first heap   total 630784K, used 525571K [0x0000000600000000, 0x0000000800000000)
  region size 4096K, 83 young (339968K), 3 survivors (12288K)
 Metaspace       used 147598K, committed 148352K, reserved 1179648K
  class space    used 18695K, committed 19008K, reserved 1048576K
}

