# JRE version: Java(TM) SE Runtime Environment (17.0.12+8) (build 17.0.12+8-LTS-286)
# Java VM: Java HotSpot(TM) 64-Bit Server VM (17.0.12+8-LTS-286, mixed mode, sharing, tiered, compressed oops, compressed class ptrs, g1 gc, windows-amd64)
GC Precious Log:
 CPUs: 4 total, 4 available
 Memory: 8038M
 Large Page Support: Disabled
 NUMA Support: Disabled
 Compressed Oops: Enabled (Zero based)
 Heap Region Size: 4M
 Heap Min Capacity: 8M
 Heap Initial Capacity: 128M
 Heap Max Capacity: 8G
 Pre-touch: Disabled
 Parallel Workers: 4
 Concurrent Workers: 1
 Concurrent Refinement Workers: 4
 Periodic GC: Disabled
Heap:
 garbage-first heap   total 1826816K, used 359780K [0x0000000600000000, 0x0000000800000000)
  region size 4096K, 7 young (28672K), 7 survivors (28672K)
 Metaspace       used 167772K, committed 169280K, reserved 1245184K
  class space    used 21962K, committed 22720K, reserved 1048576K
GC Heap History (20 events):
Event: 241.636 GC heap after
{Heap after GC invocations=84 (full 0):
 garbage-first heap   total 1826816K, used 255599K [0x0000000600000000, 0x0000000800000000)
  region size 4096K, 7 young (28672K), 7 survivors (28672K)
 Metaspace       used 167543K, committed 169088K, reserved 1245184K
  class space    used 21958K, committed 22720K, reserved 1048576K
}
Event: 248.430 GC heap before
{Heap before GC invocations=85 (full 0):
 garbage-first heap   total 1826816K, used 1320559K [0x0000000600000000, 0x0000000800000000)
  region size 4096K, 267 young (1093632K), 7 survivors (28672K)
 Metaspace       used 167174K, committed 168832K, reserved 1245184K
  class space    used 21936K, committed 22720K, reserved 1048576K
}
Event: 248.453 GC heap after
{Heap after GC invocations=86 (full 0):
 garbage-first heap   total 1826816K, used 249555K [0x0000000600000000, 0x0000000800000000)
  region size 4096K, 5 young (20480K), 5 survivors (20480K)
 Metaspace       used 167174K, committed 168832K, reserved 1245184K
  class space    used 21936K, committed 22720K, reserved 1048576K
}
Event: 248.997 GC heap before
{Heap before GC invocations=86 (full 0):
 garbage-first heap   total 1826816K, used 319187K [0x0000000600000000, 0x0000000800000000)
  region size 4096K, 22 young (90112K), 5 survivors (20480K)
 Metaspace       used 167182K, committed 168832K, reserved 1245184K
  class space    used 21938K, committed 22720K, reserved 1048576K
}
Event: 249.079 GC heap after
{Heap after GC invocations=87 (full 0):
 garbage-first heap   total 1826816K, used 247486K [0x0000000600000000, 0x0000000800000000)
  region size 4096K, 2 young (8192K), 2 survivors (8192K)
 Metaspace       used 167182K, committed 168832K, reserved 1245184K
  class space    used 21938K, committed 22720K, reserved 1048576K
}
Event: 255.592 GC heap before
{Heap before GC invocations=87 (full 0):
 garbage-first heap   total 1826816K, used 1328830K [0x0000000600000000, 0x0000000800000000)
  region size 4096K, 267 young (1093632K), 2 survivors (8192K)
 Metaspace       used 167354K, committed 168960K, reserved 1245184K
  class space    used 21950K, committed 22720K, reserved 1048576K
}
Event: 255.599 GC heap after
{Heap after GC invocations=88 (full 0):
 garbage-first heap   total 1826816K, used 243812K [0x0000000600000000, 0x0000000800000000)
  region size 4096K, 2 young (8192K), 2 survivors (8192K)
 Metaspace       used 167354K, committed 168960K, reserved 1245184K
  class space    used 21950K, committed 22720K, reserved 1048576K
}
Event: 261.271 GC heap before
{Heap before GC invocations=88 (full 0):
 garbage-first heap   total 1826816K, used 1329252K [0x0000000600000000, 0x0000000800000000)
  region size 4096K, 267 young (1093632K), 2 survivors (8192K)
 Metaspace       used 167486K, committed 169024K, reserved 1245184K
  class space    used 21958K, committed 22720K, reserved 1048576K
}
Event: 261.290 GC heap after
{Heap after GC invocations=89 (full 0):
 garbage-first heap   total 1826816K, used 255678K [0x0000000600000000, 0x0000000800000000)
  region size 4096K, 4 young (16384K), 4 survivors (16384K)
 Metaspace       used 167486K, committed 169024K, reserved 1245184K
  class space    used 21958K, committed 22720K, reserved 1048576K
}
Event: 266.265 GC heap before
{Heap before GC invocations=89 (full 0):
 garbage-first heap   total 1826816K, used 1332926K [0x0000000600000000, 0x0000000800000000)
  region size 4096K, 267 young (1093632K), 4 survivors (16384K)
 Metaspace       used 167714K, committed 169216K, reserved 1245184K
  class space    used 21966K, committed 22720K, reserved 1048576K
}
Event: 266.755 GC heap after
{Heap after GC invocations=90 (full 0):
 garbage-first heap   total 1826816K, used 307406K [0x0000000600000000, 0x0000000800000000)
  region size 4096K, 17 young (69632K), 17 survivors (69632K)
 Metaspace       used 167714K, committed 169216K, reserved 1245184K
  class space    used 21966K, committed 22720K, reserved 1048576K
}
Event: 270.997 GC heap before
{Heap before GC invocations=91 (full 0):
 garbage-first heap   total 1490944K, used 803022K [0x0000000600000000, 0x0000000800000000)
  region size 4096K, 138 young (565248K), 17 survivors (69632K)
 Metaspace       used 167716K, committed 169280K, reserved 1245184K
  class space    used 21961K, committed 22720K, reserved 1048576K
}
Event: 271.405 GC heap after
{Heap after GC invocations=92 (full 0):
 garbage-first heap   total 1490944K, used 303485K [0x0000000600000000, 0x0000000800000000)
  region size 4096K, 3 young (12288K), 3 survivors (12288K)
 Metaspace       used 167716K, committed 169280K, reserved 1245184K
  class space    used 21961K, committed 22720K, reserved 1048576K
}
Event: 271.626 GC heap before
{Heap before GC invocations=92 (full 0):
 garbage-first heap   total 1490944K, used 364925K [0x0000000600000000, 0x0000000800000000)
  region size 4096K, 18 young (73728K), 3 survivors (12288K)
 Metaspace       used 167722K, committed 169280K, reserved 1245184K
  class space    used 21961K, committed 22720K, reserved 1048576K
}
Event: 271.674 GC heap after
{Heap after GC invocations=93 (full 0):
 garbage-first heap   total 1490944K, used 300414K [0x0000000600000000, 0x0000000800000000)
  region size 4096K, 2 young (8192K), 2 survivors (8192K)
 Metaspace       used 167722K, committed 169280K, reserved 1245184K
  class space    used 21961K, committed 22720K, reserved 1048576K
}
Event: 273.913 GC heap before
{Heap before GC invocations=93 (full 0):
 garbage-first heap   total 1490944K, used 1131902K [0x0000000600000000, 0x0000000800000000)
  region size 4096K, 205 young (839680K), 2 survivors (8192K)
 Metaspace       used 167747K, committed 169280K, reserved 1245184K
  class space    used 21961K, committed 22720K, reserved 1048576K
}
Event: 274.010 GC heap after
{Heap after GC invocations=94 (full 0):
 garbage-first heap   total 1490944K, used 340856K [0x0000000600000000, 0x0000000800000000)
  region size 4096K, 12 young (49152K), 12 survivors (49152K)
 Metaspace       used 167747K, committed 169280K, reserved 1245184K
  class space    used 21961K, committed 22720K, reserved 1048576K
}
Event: 274.162 GC heap before
{Heap before GC invocations=94 (full 0):
 garbage-first heap   total 1490944K, used 418680K [0x0000000600000000, 0x0000000800000000)
  region size 4096K, 31 young (126976K), 12 survivors (49152K)
 Metaspace       used 167758K, committed 169280K, reserved 1245184K
  class space    used 21961K, committed 22720K, reserved 1048576K
}
Event: 274.275 GC heap after
{Heap after GC invocations=95 (full 0):
 garbage-first heap   total 1490944K, used 341651K [0x0000000600000000, 0x0000000800000000)
  region size 4096K, 2 young (8192K), 2 survivors (8192K)
 Metaspace       used 167758K, committed 169280K, reserved 1245184K
  class space    used 21961K, committed 22720K, reserved 1048576K
}
Event: 276.853 GC heap before
{Heap before GC invocations=95 (full 0):
 garbage-first heap   total 1490944K, used 1226387K [0x0000000600000000, 0x0000000800000000)
  region size 4096K, 218 young (892928K), 2 survivors (8192K)
 Metaspace       used 167772K, committed 169280K, reserved 1245184K
  class space    used 21962K, committed 22720K, reserved 1048576K
}

