# JRE version: Java(TM) SE Runtime Environment (17.0.12+8) (build 17.0.12+8-LTS-286)
# Java VM: Java HotSpot(TM) 64-Bit Server VM (17.0.12+8-LTS-286, mixed mode, sharing, tiered, compressed oops, compressed class ptrs, g1 gc, windows-amd64)
GC Precious Log:
 CPUs: 4 total, 4 available
 Memory: 8038M
 Large Page Support: Disabled
 NUMA Support: Disabled
 Compressed Oops: Enabled (Zero based)
 Heap Region Size: 4M
 Heap Min Capacity: 8M
 Heap Initial Capacity: 128M
 Heap Max Capacity: 8G
 Pre-touch: Disabled
 Parallel Workers: 4
 Concurrent Workers: 1
 Concurrent Refinement Workers: 4
 Periodic GC: Disabled
Heap:
 garbage-first heap   total 1482752K, used 299767K [0x0000000600000000, 0x0000000800000000)
  region size 4096K, 4 young (16384K), 4 survivors (16384K)
 Metaspace       used 158327K, committed 159296K, reserved 1245184K
  class space    used 19931K, committed 20352K, reserved 1048576K
GC Heap History (20 events):
Event: 286.669 GC heap after
{Heap after GC invocations=93 (full 0):
 garbage-first heap   total 823296K, used 234782K [0x0000000600000000, 0x0000000800000000)
  region size 4096K, 9 young (36864K), 9 survivors (36864K)
 Metaspace       used 152672K, committed 153600K, reserved 1245184K
  class space    used 19236K, committed 19712K, reserved 1048576K
}
Event: 287.168 GC heap before
{Heap before GC invocations=93 (full 0):
 garbage-first heap   total 823296K, used 689438K [0x0000000600000000, 0x0000000800000000)
  region size 4096K, 120 young (491520K), 9 survivors (36864K)
 Metaspace       used 152672K, committed 153600K, reserved 1245184K
  class space    used 19236K, committed 19712K, reserved 1048576K
}
Event: 287.232 GC heap after
{Heap after GC invocations=94 (full 0):
 garbage-first heap   total 1482752K, used 239729K [0x0000000600000000, 0x0000000800000000)
  region size 4096K, 9 young (36864K), 9 survivors (36864K)
 Metaspace       used 152672K, committed 153600K, reserved 1245184K
  class space    used 19236K, committed 19712K, reserved 1048576K
}
Event: 292.016 GC heap before
{Heap before GC invocations=94 (full 0):
 garbage-first heap   total 1482752K, used 1091697K [0x0000000600000000, 0x0000000800000000)
  region size 4096K, 217 young (888832K), 9 survivors (36864K)
 Metaspace       used 152708K, committed 153664K, reserved 1245184K
  class space    used 19238K, committed 19712K, reserved 1048576K
}
Event: 292.049 GC heap after
{Heap after GC invocations=95 (full 0):
 garbage-first heap   total 1482752K, used 223609K [0x0000000600000000, 0x0000000800000000)
  region size 4096K, 5 young (20480K), 5 survivors (20480K)
 Metaspace       used 152708K, committed 153664K, reserved 1245184K
  class space    used 19238K, committed 19712K, reserved 1048576K
}
Event: 295.446 GC heap before
{Heap before GC invocations=95 (full 0):
 garbage-first heap   total 1482752K, used 1091961K [0x0000000600000000, 0x0000000800000000)
  region size 4096K, 217 young (888832K), 5 survivors (20480K)
 Metaspace       used 152773K, committed 153728K, reserved 1245184K
  class space    used 19243K, committed 19712K, reserved 1048576K
}
Event: 295.464 GC heap after
{Heap after GC invocations=96 (full 0):
 garbage-first heap   total 1482752K, used 220572K [0x0000000600000000, 0x0000000800000000)
  region size 4096K, 6 young (24576K), 6 survivors (24576K)
 Metaspace       used 152773K, committed 153728K, reserved 1245184K
  class space    used 19243K, committed 19712K, reserved 1048576K
}
Event: 350.632 GC heap before
{Heap before GC invocations=96 (full 0):
 garbage-first heap   total 1482752K, used 1080732K [0x0000000600000000, 0x0000000800000000)
  region size 4096K, 217 young (888832K), 6 survivors (24576K)
 Metaspace       used 158074K, committed 159040K, reserved 1245184K
  class space    used 19928K, committed 20352K, reserved 1048576K
}
Event: 350.784 GC heap after
{Heap after GC invocations=97 (full 0):
 garbage-first heap   total 1482752K, used 247396K [0x0000000600000000, 0x0000000800000000)
  region size 4096K, 13 young (53248K), 13 survivors (53248K)
 Metaspace       used 158074K, committed 159040K, reserved 1245184K
  class space    used 19928K, committed 20352K, reserved 1048576K
}
Event: 356.423 GC heap before
{Heap before GC invocations=97 (full 0):
 garbage-first heap   total 1482752K, used 1082980K [0x0000000600000000, 0x0000000800000000)
  region size 4096K, 217 young (888832K), 13 survivors (53248K)
 Metaspace       used 158224K, committed 159168K, reserved 1245184K
  class space    used 19931K, committed 20352K, reserved 1048576K
}
Event: 356.773 GC heap after
{Heap after GC invocations=98 (full 0):
 garbage-first heap   total 1482752K, used 288206K [0x0000000600000000, 0x0000000800000000)
  region size 4096K, 23 young (94208K), 23 survivors (94208K)
 Metaspace       used 158224K, committed 159168K, reserved 1245184K
  class space    used 19931K, committed 20352K, reserved 1048576K
}
Event: 358.252 GC heap before
{Heap before GC invocations=98 (full 0):
 garbage-first heap   total 1482752K, used 685518K [0x0000000600000000, 0x0000000800000000)
  region size 4096K, 120 young (491520K), 23 survivors (94208K)
 Metaspace       used 158226K, committed 159168K, reserved 1245184K
  class space    used 19931K, committed 20352K, reserved 1048576K
}
Event: 359.687 GC heap after
{Heap after GC invocations=99 (full 0):
 garbage-first heap   total 1482752K, used 295229K [0x0000000600000000, 0x0000000800000000)
  region size 4096K, 2 young (8192K), 2 survivors (8192K)
 Metaspace       used 158226K, committed 159168K, reserved 1245184K
  class space    used 19931K, committed 20352K, reserved 1048576K
}
Event: 361.593 GC heap before
{Heap before GC invocations=99 (full 0):
 garbage-first heap   total 1482752K, used 770365K [0x0000000600000000, 0x0000000800000000)
  region size 4096K, 119 young (487424K), 2 survivors (8192K)
 Metaspace       used 158227K, committed 159168K, reserved 1245184K
  class space    used 19931K, committed 20352K, reserved 1048576K
}
Event: 361.613 GC heap after
{Heap after GC invocations=100 (full 0):
 garbage-first heap   total 1482752K, used 294342K [0x0000000600000000, 0x0000000800000000)
  region size 4096K, 2 young (8192K), 2 survivors (8192K)
 Metaspace       used 158227K, committed 159168K, reserved 1245184K
  class space    used 19931K, committed 20352K, reserved 1048576K
}
Event: 366.044 GC heap before
{Heap before GC invocations=100 (full 0):
 garbage-first heap   total 1482752K, used 1060294K [0x0000000600000000, 0x0000000800000000)
  region size 4096K, 189 young (774144K), 2 survivors (8192K)
 Metaspace       used 158242K, committed 159168K, reserved 1245184K
  class space    used 19931K, committed 20352K, reserved 1048576K
}
Event: 366.102 GC heap after
{Heap after GC invocations=101 (full 0):
 garbage-first heap   total 1482752K, used 298929K [0x0000000600000000, 0x0000000800000000)
  region size 4096K, 3 young (12288K), 3 survivors (12288K)
 Metaspace       used 158242K, committed 159168K, reserved 1245184K
  class space    used 19931K, committed 20352K, reserved 1048576K
}
Event: 370.121 GC heap before
{Heap before GC invocations=101 (full 0):
 garbage-first heap   total 1482752K, used 1175473K [0x0000000600000000, 0x0000000800000000)
  region size 4096K, 217 young (888832K), 3 survivors (12288K)
 Metaspace       used 158315K, committed 159232K, reserved 1245184K
  class space    used 19931K, committed 20352K, reserved 1048576K
}
Event: 370.278 GC heap after
{Heap after GC invocations=102 (full 0):
 garbage-first heap   total 1482752K, used 297659K [0x0000000600000000, 0x0000000800000000)
  region size 4096K, 3 young (12288K), 3 survivors (12288K)
 Metaspace       used 158315K, committed 159232K, reserved 1245184K
  class space    used 19931K, committed 20352K, reserved 1048576K
}
Event: 371.300 GC heap before
{Heap before GC invocations=102 (full 0):
 garbage-first heap   total 1482752K, used 776891K [0x0000000600000000, 0x0000000800000000)
  region size 4096K, 121 young (495616K), 3 survivors (12288K)
 Metaspace       used 158327K, committed 159296K, reserved 1245184K
  class space    used 19931K, committed 20352K, reserved 1048576K
}

